<?xml version="1.0" encoding="UTF-8"?>
<!-- Generated by org.testng.reporters.JUnitReportReporter -->
<testsuite hostname="RAMYA-S" failures="0" tests="3" name="testScripts.PurchaseOrder" time="51.873" errors="0" timestamp="2023-05-17T10:42:40 IST" skipped="0">
  <testcase classname="testScripts.PurchaseOrder" name="addCart" time="22.248"/>
  <system-out/>
  <testcase classname="testScripts.PurchaseOrder" name="delCart" time="9.273"/>
  <system-out/>
  <testcase classname="testScripts.PurchaseOrder" name="placeOrder" time="20.352"/>
  <system-out/>
</testsuite> <!-- testScripts.PurchaseOrder -->
