<?xml version="1.0" encoding="UTF-8"?>
<!-- Generated by org.testng.reporters.JUnitReportReporter -->
<testsuite hostname="RAMYA-S" failures="0" tests="2" name="testScripts.PlaceOrder" time="16.777" errors="0" timestamp="2023-05-16T23:41:17 IST" skipped="0">
  <testcase classname="testScripts.PlaceOrder" name="cartTest" time="11.840"/>
  <system-out/>
  <testcase classname="testScripts.PlaceOrder" name="delCart" time="4.937"/>
  <system-out/>
</testsuite> <!-- testScripts.PlaceOrder -->
